<?xml version="1.0" encoding="UTF-8"?>
<!-- Generated by org.testng.reporters.JUnitXMLReporter -->
<testsuite ignored="0" hostname="HIBAML100350" failures="0" tests="3" name="POCTest" time="4.419" errors="0" timestamp="2020-06-12T14:15:15 IST">
  <testcase classname="com.fh.test.POCTestCases" name="TC001" time="2.152"/>
  <testcase classname="com.fh.test.POCTestCases" name="TC003" time="0.626"/>
  <testcase classname="com.fh.test.POCTestCases" name="TC002" time="0.58"/>
</testsuite> <!-- POCTest -->
