<?xml version="1.0" encoding="UTF-8"?>
<!-- Generated by org.testng.reporters.JUnitXMLReporter -->
<testsuite ignored="0" hostname="HIBAML100350" failures="0" tests="3" name="Test" time="7.582" errors="0" timestamp="2020-07-03T17:34:57 IST">
  <testcase classname="com.fh.test.GetUsers" name="getAllUsers" time="4.26"/>
  <testcase classname="com.fh.test.createUsers" name="postUser" time="0.778"/>
  <testcase classname="com.fh.test.GetUser" name="getUser" time="0.646"/>
</testsuite> <!-- Test -->
