<?xml version="1.0" encoding="UTF-8"?>
<testng-results ignored="0" total="3" passed="3" failed="0" skipped="0">
  <reporter-output>
  </reporter-output>
  <suite started-at="2020-07-03T17:34:49 IST" name="Suite" finished-at="2020-07-03T17:34:57 IST" duration-ms="7582">
    <groups>
    </groups>
    <test started-at="2020-07-03T17:34:49 IST" name="Test" finished-at="2020-07-03T17:34:57 IST" duration-ms="7582">
      <class name="com.fh.test.createUsers">
        <test-method is-config="true" signature="setUp()[pri:0, instance:com.fh.test.createUsers@6a370f4]" started-at="2020-07-03T17:34:55 IST" name="setUp" finished-at="2020-07-03T17:34:55 IST" duration-ms="1" status="PASS">
          <reporter-output>
          </reporter-output>
        </test-method> <!-- setUp -->
        <test-method signature="postUser()[pri:0, instance:com.fh.test.createUsers@6a370f4]" started-at="2020-07-03T17:34:55 IST" name="postUser" finished-at="2020-07-03T17:34:56 IST" duration-ms="778" status="PASS">
          <reporter-output>
          </reporter-output>
        </test-method> <!-- postUser -->
      </class> <!-- com.fh.test.createUsers -->
      <class name="com.fh.test.GetUsers">
        <test-method is-config="true" signature="setUp()[pri:0, instance:com.fh.test.GetUsers@503d687a]" started-at="2020-07-03T17:34:49 IST" name="setUp" finished-at="2020-07-03T17:34:51 IST" duration-ms="1815" status="PASS">
          <reporter-output>
          </reporter-output>
        </test-method> <!-- setUp -->
        <test-method signature="getAllUsers()[pri:0, instance:com.fh.test.GetUsers@503d687a]" started-at="2020-07-03T17:34:51 IST" name="getAllUsers" finished-at="2020-07-03T17:34:55 IST" duration-ms="4260" status="PASS">
          <reporter-output>
          </reporter-output>
        </test-method> <!-- getAllUsers -->
      </class> <!-- com.fh.test.GetUsers -->
      <class name="com.fh.test.GetUser">
        <test-method is-config="true" signature="setUp()[pri:0, instance:com.fh.test.GetUser@2abf4075]" started-at="2020-07-03T17:34:56 IST" name="setUp" finished-at="2020-07-03T17:34:56 IST" duration-ms="2" status="PASS">
          <reporter-output>
          </reporter-output>
        </test-method> <!-- setUp -->
        <test-method signature="getUser()[pri:0, instance:com.fh.test.GetUser@2abf4075]" started-at="2020-07-03T17:34:56 IST" name="getUser" finished-at="2020-07-03T17:34:57 IST" duration-ms="646" status="PASS">
          <reporter-output>
          </reporter-output>
        </test-method> <!-- getUser -->
      </class> <!-- com.fh.test.GetUser -->
    </test> <!-- Test -->
  </suite> <!-- Suite -->
</testng-results>
